C:\DROPBOX\UNI WORK\GOLDSMITHS\TOOLS AND MIDDLEWARE\SFML_BOX2D\SFML_BOX2D\DEBUG\VC100.PDB
C:\USERS\MAX\DROPBOX\UNI WORK\GOLDSMITHS\TOOLS AND MIDDLEWARE\SFML_BOX2D\SFML_BOX2D\DEBUG\GAMEWORLD.OBJ
C:\USERS\MAX\DROPBOX\UNI WORK\GOLDSMITHS\TOOLS AND MIDDLEWARE\SFML_BOX2D\SFML_BOX2D\DEBUG\MAIN.OBJ
C:\USERS\MAX\DROPBOX\UNI WORK\GOLDSMITHS\TOOLS AND MIDDLEWARE\SFML_BOX2D\SFML_BOX2D\DEBUG\SFMLSHAPE.OBJ
C:\USERS\MAX\DROPBOX\UNI WORK\GOLDSMITHS\TOOLS AND MIDDLEWARE\SFML_BOX2D\SFML_BOX2D\DEBUG\VC100.PDB
C:\USERS\MAX\DROPBOX\UNI WORK\GOLDSMITHS\TOOLS AND MIDDLEWARE\SFML_BOX2D - BASE\SFML_BOX2D\DEBUG\MAIN.OBJ
C:\USERS\MAX\DROPBOX\UNI WORK\GOLDSMITHS\TOOLS AND MIDDLEWARE\SFML_BOX2D - BASE\SFML_BOX2D\DEBUG\VC100.PDB
C:\USERS\MAX\DROPBOX\UNI WORK\GOLDSMITHS\TOOLS AND MIDDLEWARE\SFML_BOX2D\DEBUG\SFML_BOX2D.EXE
C:\USERS\MAX\DROPBOX\UNI WORK\GOLDSMITHS\TOOLS AND MIDDLEWARE\SFML_BOX2D\SFML_BOX2D\DEBUG\SFML_BOX2D.EXE.INTERMEDIATE.MANIFEST
C:\USERS\MAX\DROPBOX\UNI WORK\GOLDSMITHS\TOOLS AND MIDDLEWARE\SFML_BOX2D\DEBUG\SFML_BOX2D.PDB
C:\USERS\MAX\DROPBOX\UNI WORK\GOLDSMITHS\TOOLS AND MIDDLEWARE\SFML_BOX2D - BASE\DEBUG\SFML_BOX2D.EXE
C:\USERS\MAX\DROPBOX\UNI WORK\GOLDSMITHS\TOOLS AND MIDDLEWARE\SFML_BOX2D - BASE\SFML_BOX2D\DEBUG\SFML_BOX2D.EXE.INTERMEDIATE.MANIFEST
C:\USERS\MAX\DROPBOX\UNI WORK\GOLDSMITHS\TOOLS AND MIDDLEWARE\SFML_BOX2D - BASE\DEBUG\SFML_BOX2D.PDB
C:\Users\Artemis\Documents\GitHub\GoldsmithsGlobalGameJam2014\SFML_Box2D - Base\SFML_Box2D\Debug\SFML_Box2D.vcxprojResolveAssemblyReference.cache
C:\Users\Artemis\Documents\GitHub\GoldsmithsGlobalGameJam2014\SFML_Box2D - Base\SFML_Box2D\Debug\GameWorld.obj
C:\Users\Artemis\Documents\GitHub\GoldsmithsGlobalGameJam2014\SFML_Box2D - Base\SFML_Box2D\Debug\main.obj
C:\Users\Artemis\Documents\GitHub\GoldsmithsGlobalGameJam2014\SFML_Box2D - Base\SFML_Box2D\Debug\SFMLShape.obj
C:\Users\Artemis\Documents\GitHub\GoldsmithsGlobalGameJam2014\SFML_Box2D - Base\SFML_Box2D\Debug\cl.command.1.tlog
C:\Users\Artemis\Documents\GitHub\GoldsmithsGlobalGameJam2014\SFML_Box2D - Base\SFML_Box2D\Debug\CL.read.1.tlog
C:\Users\Artemis\Documents\GitHub\GoldsmithsGlobalGameJam2014\SFML_Box2D - Base\SFML_Box2D\Debug\CL.write.1.tlog
C:\Users\Artemis\Documents\GitHub\GoldsmithsGlobalGameJam2014\SFML_Box2D - Base\SFML_Box2D\Debug\link.command.1.tlog
C:\Users\Artemis\Documents\GitHub\GoldsmithsGlobalGameJam2014\SFML_Box2D - Base\SFML_Box2D\Debug\link.read.1.tlog
C:\Users\Artemis\Documents\GitHub\GoldsmithsGlobalGameJam2014\SFML_Box2D - Base\SFML_Box2D\Debug\link.write.1.tlog
C:\Users\Artemis\Documents\GitHub\GoldsmithsGlobalGameJam2014\SFML_Box2D - Base\SFML_Box2D\Debug\mt.command.1.tlog
C:\Users\Artemis\Documents\GitHub\GoldsmithsGlobalGameJam2014\SFML_Box2D - Base\SFML_Box2D\Debug\mt.read.1.tlog
C:\Users\Artemis\Documents\GitHub\GoldsmithsGlobalGameJam2014\SFML_Box2D - Base\SFML_Box2D\Debug\mt.write.1.tlog
C:\Users\Artemis\Documents\GitHub\GoldsmithsGlobalGameJam2014\SFML_Box2D - Base\SFML_Box2D\Debug\SFML_Box2D.write.1.tlog
C:\Users\Artemis\Documents\GitHub\GoldsmithsGlobalGameJam2014\SFML_Box2D - Base\SFML_Box2D\Debug\SFML_Box2D.exe.intermediate.manifest
C:\Users\Artemis\Documents\GitHub\GoldsmithsGlobalGameJam2014\SFML_Box2D - Base\SFML_Box2D\Debug\vc100.idb
C:\Users\Artemis\Documents\GitHub\GoldsmithsGlobalGameJam2014\SFML_Box2D - Base\SFML_Box2D\Debug\vc100.pdb
C:\Users\Artemis\Documents\GitHub\GoldsmithsGlobalGameJam2014\SFML_Box2D - Base\Debug\SFML_Box2D.pdb
C:\Users\Artemis\Documents\GitHub\GoldsmithsGlobalGameJam2014\SFML_Box2D - Base\Debug\SFML_Box2D.exe
